000 (25188.000.000) 2025-03-08 22:21:52 Job submitted from host: <134.96.227.101:9618?addrs=134.96.227.101-9618&alias=conduit2.hpc.uni-saarland.de&noUDP&sock=schedd_1648_f82a>
...
040 (25188.000.000) 2025-03-08 22:21:53 Started transferring input files
	Transferring to host: <134.96.59.24:9618?addrs=134.96.59.24-9618&alias=tenos.hpc.uni-saarland.de&noUDP&sock=teaching4_2504_0b5f_75598>
...
040 (25188.000.000) 2025-03-08 22:21:53 Finished transferring input files
...
001 (25188.000.000) 2025-03-08 22:21:53 Job executing on host: <134.96.59.24:9618?addrs=134.96.59.24-9618&alias=tenos.hpc.uni-saarland.de&noUDP&sock=startd_2183_ef55>
	SlotName: @tenos.hpc.uni-saarland.de
	AvailableGPUs = { GPUs_GPU_a452c067 }
	CondorScratchDir = "/raid/condor/lib/condor/execute/dir_432216"
	Cpus = 7
	Disk = 446757435
	GPUs = 1
	GPUs_GPU_a452c067 = [ Id = "GPU-a452c067"; Capability = 6.0; DeviceName = "Tesla P100-SXM2-16GB"; DeviceUuid = "a452c067-0d65-e291-c4ee-82d9aa851f4c"; ECCEnabled = true; DriverVersion = 12.4; DevicePciBusId = "0000:86:00.0"; GlobalMemoryMb = 16269; MaxSupportedVersion = 12040 ]
	Memory = 96737
...
006 (25188.000.000) 2025-03-08 22:22:02 Image size of job updated: 37
	37  -  MemoryUsage of job (MB)
	38184  -  ResidentSetSize of job (KB)
...
006 (25188.000.000) 2025-03-08 22:27:03 Image size of job updated: 1962
	1962  -  MemoryUsage of job (MB)
	2009824  -  ResidentSetSize of job (KB)
...
040 (25188.000.000) 2025-03-08 22:31:23 Started transferring output files
...
040 (25188.000.000) 2025-03-08 22:31:36 Finished transferring output files
...
005 (25188.000.000) 2025-03-08 22:31:36 Job terminated.
	(1) Normal termination (return value 0)
		Usr 0 00:09:21, Sys 0 00:00:07  -  Run Remote Usage
		Usr 0 00:00:00, Sys 0 00:00:00  -  Run Local Usage
		Usr 0 00:09:21, Sys 0 00:00:07  -  Total Remote Usage
		Usr 0 00:00:00, Sys 0 00:00:00  -  Total Local Usage
	899791680  -  Run Bytes Sent By Job
	22713  -  Run Bytes Received By Job
	899791680  -  Total Bytes Sent By Job
	22713  -  Total Bytes Received By Job
	Partitionable Resources :     Usage  Request Allocated Assigned
	   Cpus                 :      0.00        4         7 
	   Disk (KB)            : 880883          25 446757435 
	   GPUs                 :      0.85        1         1 "GPU-a452c067"
	   GpusMemory (MB)      :   3633                       
	   Memory (MB)          :   1962       16384     96737 
	   TimeExecute (s)      :    570                       
	   TimeSlotBusy (s)     :    583                       

	Job terminated of its own accord at 2025-03-08T21:31:23Z with exit-code 0.
...
