Defaulting to user installation because normal site-packages is not writeable
Requirement already satisfied: pip in /home/neuronet_team159/.local/lib/python3.10/site-packages (25.0.1)
Defaulting to user installation because normal site-packages is not writeable
Requirement already satisfied: ipywidgets in /home/neuronet_team159/.local/lib/python3.10/site-packages (from -r requirements.txt (line 1)) (8.1.5)
Requirement already satisfied: jupyter in /home/neuronet_team159/.local/lib/python3.10/site-packages (from -r requirements.txt (line 2)) (1.1.1)
Requirement already satisfied: numpy in /opt/conda/lib/python3.10/site-packages (from -r requirements.txt (line 3)) (1.26.3)
Requirement already satisfied: pandas in /home/neuronet_team159/.local/lib/python3.10/site-packages (from -r requirements.txt (line 4)) (2.2.3)
Requirement already satisfied: matplotlib in /home/neuronet_team159/.local/lib/python3.10/site-packages (from -r requirements.txt (line 5)) (3.10.1)
Requirement already satisfied: torch in /opt/conda/lib/python3.10/site-packages (from -r requirements.txt (line 6)) (2.2.1)
Requirement already satisfied: datasets in /home/neuronet_team159/.local/lib/python3.10/site-packages (from -r requirements.txt (line 7)) (3.3.2)
Requirement already satisfied: transformers in /home/neuronet_team159/.local/lib/python3.10/site-packages (from -r requirements.txt (line 8)) (4.49.0)
Requirement already satisfied: scikit-learn in /home/neuronet_team159/.local/lib/python3.10/site-packages (from -r requirements.txt (line 9)) (1.6.1)
Requirement already satisfied: wandb>=0.12.0 in /home/neuronet_team159/.local/lib/python3.10/site-packages (from -r requirements.txt (line 10)) (0.19.7)
Requirement already satisfied: comm>=0.1.3 in /home/neuronet_team159/.local/lib/python3.10/site-packages (from ipywidgets->-r requirements.txt (line 1)) (0.2.2)
Requirement already satisfied: ipython>=6.1.0 in /opt/conda/lib/python3.10/site-packages (from ipywidgets->-r requirements.txt (line 1)) (8.20.0)
Requirement already satisfied: traitlets>=4.3.1 in /opt/conda/lib/python3.10/site-packages (from ipywidgets->-r requirements.txt (line 1)) (5.7.1)
Requirement already satisfied: widgetsnbextension~=4.0.12 in /home/neuronet_team159/.local/lib/python3.10/site-packages (from ipywidgets->-r requirements.txt (line 1)) (4.0.13)
Requirement already satisfied: jupyterlab-widgets~=3.0.12 in /home/neuronet_team159/.local/lib/python3.10/site-packages (from ipywidgets->-r requirements.txt (line 1)) (3.0.13)
Requirement already satisfied: notebook in /home/neuronet_team159/.local/lib/python3.10/site-packages (from jupyter->-r requirements.txt (line 2)) (7.3.2)
Requirement already satisfied: jupyter-console in /home/neuronet_team159/.local/lib/python3.10/site-packages (from jupyter->-r requirements.txt (line 2)) (6.6.3)
Requirement already satisfied: nbconvert in /home/neuronet_team159/.local/lib/python3.10/site-packages (from jupyter->-r requirements.txt (line 2)) (7.16.6)
Requirement already satisfied: ipykernel in /home/neuronet_team159/.local/lib/python3.10/site-packages (from jupyter->-r requirements.txt (line 2)) (6.29.5)
Requirement already satisfied: jupyterlab in /home/neuronet_team159/.local/lib/python3.10/site-packages (from jupyter->-r requirements.txt (line 2)) (4.3.5)
Requirement already satisfied: python-dateutil>=2.8.2 in /home/neuronet_team159/.local/lib/python3.10/site-packages (from pandas->-r requirements.txt (line 4)) (2.9.0.post0)
Requirement already satisfied: pytz>=2020.1 in /opt/conda/lib/python3.10/site-packages (from pandas->-r requirements.txt (line 4)) (2023.3.post1)
Requirement already satisfied: tzdata>=2022.7 in /home/neuronet_team159/.local/lib/python3.10/site-packages (from pandas->-r requirements.txt (line 4)) (2025.1)
Requirement already satisfied: contourpy>=1.0.1 in /home/neuronet_team159/.local/lib/python3.10/site-packages (from matplotlib->-r requirements.txt (line 5)) (1.3.1)
Requirement already satisfied: cycler>=0.10 in /home/neuronet_team159/.local/lib/python3.10/site-packages (from matplotlib->-r requirements.txt (line 5)) (0.12.1)
Requirement already satisfied: fonttools>=4.22.0 in /home/neuronet_team159/.local/lib/python3.10/site-packages (from matplotlib->-r requirements.txt (line 5)) (4.56.0)
Requirement already satisfied: kiwisolver>=1.3.1 in /home/neuronet_team159/.local/lib/python3.10/site-packages (from matplotlib->-r requirements.txt (line 5)) (1.4.8)
Requirement already satisfied: packaging>=20.0 in /opt/conda/lib/python3.10/site-packages (from matplotlib->-r requirements.txt (line 5)) (23.1)
Requirement already satisfied: pillow>=8 in /opt/conda/lib/python3.10/site-packages (from matplotlib->-r requirements.txt (line 5)) (10.2.0)
Requirement already satisfied: pyparsing>=2.3.1 in /home/neuronet_team159/.local/lib/python3.10/site-packages (from matplotlib->-r requirements.txt (line 5)) (3.2.1)
Requirement already satisfied: filelock in /opt/conda/lib/python3.10/site-packages (from torch->-r requirements.txt (line 6)) (3.13.1)
Requirement already satisfied: typing-extensions>=4.8.0 in /home/neuronet_team159/.local/lib/python3.10/site-packages (from torch->-r requirements.txt (line 6)) (4.12.2)
Requirement already satisfied: sympy in /opt/conda/lib/python3.10/site-packages (from torch->-r requirements.txt (line 6)) (1.12)
Requirement already satisfied: networkx in /opt/conda/lib/python3.10/site-packages (from torch->-r requirements.txt (line 6)) (3.1)
Requirement already satisfied: jinja2 in /opt/conda/lib/python3.10/site-packages (from torch->-r requirements.txt (line 6)) (3.1.3)
Requirement already satisfied: fsspec in /opt/conda/lib/python3.10/site-packages (from torch->-r requirements.txt (line 6)) (2024.2.0)
Requirement already satisfied: pyarrow>=15.0.0 in /home/neuronet_team159/.local/lib/python3.10/site-packages (from datasets->-r requirements.txt (line 7)) (19.0.1)
Requirement already satisfied: dill<0.3.9,>=0.3.0 in /home/neuronet_team159/.local/lib/python3.10/site-packages (from datasets->-r requirements.txt (line 7)) (0.3.8)
Requirement already satisfied: requests>=2.32.2 in /home/neuronet_team159/.local/lib/python3.10/site-packages (from datasets->-r requirements.txt (line 7)) (2.32.3)
Requirement already satisfied: tqdm>=4.66.3 in /home/neuronet_team159/.local/lib/python3.10/site-packages (from datasets->-r requirements.txt (line 7)) (4.67.1)
Requirement already satisfied: xxhash in /home/neuronet_team159/.local/lib/python3.10/site-packages (from datasets->-r requirements.txt (line 7)) (3.5.0)
Requirement already satisfied: multiprocess<0.70.17 in /home/neuronet_team159/.local/lib/python3.10/site-packages (from datasets->-r requirements.txt (line 7)) (0.70.16)
Requirement already satisfied: aiohttp in /home/neuronet_team159/.local/lib/python3.10/site-packages (from datasets->-r requirements.txt (line 7)) (3.11.13)
Requirement already satisfied: huggingface-hub>=0.24.0 in /home/neuronet_team159/.local/lib/python3.10/site-packages (from datasets->-r requirements.txt (line 7)) (0.29.1)
Requirement already satisfied: pyyaml>=5.1 in /opt/conda/lib/python3.10/site-packages (from datasets->-r requirements.txt (line 7)) (6.0.1)
Requirement already satisfied: regex!=2019.12.17 in /home/neuronet_team159/.local/lib/python3.10/site-packages (from transformers->-r requirements.txt (line 8)) (2024.11.6)
Requirement already satisfied: tokenizers<0.22,>=0.21 in /home/neuronet_team159/.local/lib/python3.10/site-packages (from transformers->-r requirements.txt (line 8)) (0.21.0)
Requirement already satisfied: safetensors>=0.4.1 in /home/neuronet_team159/.local/lib/python3.10/site-packages (from transformers->-r requirements.txt (line 8)) (0.5.3)
Requirement already satisfied: scipy>=1.6.0 in /home/neuronet_team159/.local/lib/python3.10/site-packages (from scikit-learn->-r requirements.txt (line 9)) (1.15.2)
Requirement already satisfied: joblib>=1.2.0 in /home/neuronet_team159/.local/lib/python3.10/site-packages (from scikit-learn->-r requirements.txt (line 9)) (1.4.2)
Requirement already satisfied: threadpoolctl>=3.1.0 in /home/neuronet_team159/.local/lib/python3.10/site-packages (from scikit-learn->-r requirements.txt (line 9)) (3.5.0)
Requirement already satisfied: click!=8.0.0,>=7.1 in /opt/conda/lib/python3.10/site-packages (from wandb>=0.12.0->-r requirements.txt (line 10)) (8.1.7)
Requirement already satisfied: docker-pycreds>=0.4.0 in /home/neuronet_team159/.local/lib/python3.10/site-packages (from wandb>=0.12.0->-r requirements.txt (line 10)) (0.4.0)
Requirement already satisfied: gitpython!=3.1.29,>=1.0.0 in /home/neuronet_team159/.local/lib/python3.10/site-packages (from wandb>=0.12.0->-r requirements.txt (line 10)) (3.1.44)
Requirement already satisfied: platformdirs in /opt/conda/lib/python3.10/site-packages (from wandb>=0.12.0->-r requirements.txt (line 10)) (3.10.0)
Requirement already satisfied: protobuf!=4.21.0,!=5.28.0,<6,>=3.19.0 in /home/neuronet_team159/.local/lib/python3.10/site-packages (from wandb>=0.12.0->-r requirements.txt (line 10)) (5.29.3)
Requirement already satisfied: psutil>=5.0.0 in /opt/conda/lib/python3.10/site-packages (from wandb>=0.12.0->-r requirements.txt (line 10)) (5.9.0)
Requirement already satisfied: pydantic<3,>=2.6 in /home/neuronet_team159/.local/lib/python3.10/site-packages (from wandb>=0.12.0->-r requirements.txt (line 10)) (2.10.6)
Requirement already satisfied: sentry-sdk>=2.0.0 in /home/neuronet_team159/.local/lib/python3.10/site-packages (from wandb>=0.12.0->-r requirements.txt (line 10)) (2.22.0)
Requirement already satisfied: setproctitle in /home/neuronet_team159/.local/lib/python3.10/site-packages (from wandb>=0.12.0->-r requirements.txt (line 10)) (1.3.5)
Requirement already satisfied: setuptools in /opt/conda/lib/python3.10/site-packages (from wandb>=0.12.0->-r requirements.txt (line 10)) (68.2.2)
Requirement already satisfied: six>=1.4.0 in /opt/conda/lib/python3.10/site-packages (from docker-pycreds>=0.4.0->wandb>=0.12.0->-r requirements.txt (line 10)) (1.16.0)
Requirement already satisfied: aiohappyeyeballs>=2.3.0 in /home/neuronet_team159/.local/lib/python3.10/site-packages (from aiohttp->datasets->-r requirements.txt (line 7)) (2.4.8)
Requirement already satisfied: aiosignal>=1.1.2 in /home/neuronet_team159/.local/lib/python3.10/site-packages (from aiohttp->datasets->-r requirements.txt (line 7)) (1.3.2)
Requirement already satisfied: async-timeout<6.0,>=4.0 in /home/neuronet_team159/.local/lib/python3.10/site-packages (from aiohttp->datasets->-r requirements.txt (line 7)) (5.0.1)
Requirement already satisfied: attrs>=17.3.0 in /opt/conda/lib/python3.10/site-packages (from aiohttp->datasets->-r requirements.txt (line 7)) (23.1.0)
Requirement already satisfied: frozenlist>=1.1.1 in /home/neuronet_team159/.local/lib/python3.10/site-packages (from aiohttp->datasets->-r requirements.txt (line 7)) (1.5.0)
Requirement already satisfied: multidict<7.0,>=4.5 in /home/neuronet_team159/.local/lib/python3.10/site-packages (from aiohttp->datasets->-r requirements.txt (line 7)) (6.1.0)
Requirement already satisfied: propcache>=0.2.0 in /home/neuronet_team159/.local/lib/python3.10/site-packages (from aiohttp->datasets->-r requirements.txt (line 7)) (0.3.0)
Requirement already satisfied: yarl<2.0,>=1.17.0 in /home/neuronet_team159/.local/lib/python3.10/site-packages (from aiohttp->datasets->-r requirements.txt (line 7)) (1.18.3)
Requirement already satisfied: gitdb<5,>=4.0.1 in /home/neuronet_team159/.local/lib/python3.10/site-packages (from gitpython!=3.1.29,>=1.0.0->wandb>=0.12.0->-r requirements.txt (line 10)) (4.0.12)
Requirement already satisfied: decorator in /opt/conda/lib/python3.10/site-packages (from ipython>=6.1.0->ipywidgets->-r requirements.txt (line 1)) (5.1.1)
Requirement already satisfied: jedi>=0.16 in /opt/conda/lib/python3.10/site-packages (from ipython>=6.1.0->ipywidgets->-r requirements.txt (line 1)) (0.18.1)
Requirement already satisfied: matplotlib-inline in /opt/conda/lib/python3.10/site-packages (from ipython>=6.1.0->ipywidgets->-r requirements.txt (line 1)) (0.1.6)
Requirement already satisfied: prompt-toolkit<3.1.0,>=3.0.41 in /opt/conda/lib/python3.10/site-packages (from ipython>=6.1.0->ipywidgets->-r requirements.txt (line 1)) (3.0.43)
Requirement already satisfied: pygments>=2.4.0 in /opt/conda/lib/python3.10/site-packages (from ipython>=6.1.0->ipywidgets->-r requirements.txt (line 1)) (2.15.1)
Requirement already satisfied: stack-data in /opt/conda/lib/python3.10/site-packages (from ipython>=6.1.0->ipywidgets->-r requirements.txt (line 1)) (0.2.0)
Requirement already satisfied: exceptiongroup in /opt/conda/lib/python3.10/site-packages (from ipython>=6.1.0->ipywidgets->-r requirements.txt (line 1)) (1.2.0)
Requirement already satisfied: pexpect>4.3 in /opt/conda/lib/python3.10/site-packages (from ipython>=6.1.0->ipywidgets->-r requirements.txt (line 1)) (4.8.0)
Requirement already satisfied: annotated-types>=0.6.0 in /home/neuronet_team159/.local/lib/python3.10/site-packages (from pydantic<3,>=2.6->wandb>=0.12.0->-r requirements.txt (line 10)) (0.7.0)
Requirement already satisfied: pydantic-core==2.27.2 in /home/neuronet_team159/.local/lib/python3.10/site-packages (from pydantic<3,>=2.6->wandb>=0.12.0->-r requirements.txt (line 10)) (2.27.2)
Requirement already satisfied: charset-normalizer<4,>=2 in /opt/conda/lib/python3.10/site-packages (from requests>=2.32.2->datasets->-r requirements.txt (line 7)) (2.0.4)
Requirement already satisfied: idna<4,>=2.5 in /opt/conda/lib/python3.10/site-packages (from requests>=2.32.2->datasets->-r requirements.txt (line 7)) (3.4)
Requirement already satisfied: urllib3<3,>=1.21.1 in /opt/conda/lib/python3.10/site-packages (from requests>=2.32.2->datasets->-r requirements.txt (line 7)) (2.1.0)
Requirement already satisfied: certifi>=2017.4.17 in /opt/conda/lib/python3.10/site-packages (from requests>=2.32.2->datasets->-r requirements.txt (line 7)) (2024.2.2)
Requirement already satisfied: debugpy>=1.6.5 in /home/neuronet_team159/.local/lib/python3.10/site-packages (from ipykernel->jupyter->-r requirements.txt (line 2)) (1.8.12)
Requirement already satisfied: jupyter-client>=6.1.12 in /home/neuronet_team159/.local/lib/python3.10/site-packages (from ipykernel->jupyter->-r requirements.txt (line 2)) (8.6.3)
Requirement already satisfied: jupyter-core!=5.0.*,>=4.12 in /home/neuronet_team159/.local/lib/python3.10/site-packages (from ipykernel->jupyter->-r requirements.txt (line 2)) (5.7.2)
Requirement already satisfied: nest-asyncio in /home/neuronet_team159/.local/lib/python3.10/site-packages (from ipykernel->jupyter->-r requirements.txt (line 2)) (1.6.0)
Requirement already satisfied: pyzmq>=24 in /home/neuronet_team159/.local/lib/python3.10/site-packages (from ipykernel->jupyter->-r requirements.txt (line 2)) (26.2.1)
Requirement already satisfied: tornado>=6.1 in /home/neuronet_team159/.local/lib/python3.10/site-packages (from ipykernel->jupyter->-r requirements.txt (line 2)) (6.4.2)
Requirement already satisfied: MarkupSafe>=2.0 in /opt/conda/lib/python3.10/site-packages (from jinja2->torch->-r requirements.txt (line 6)) (2.1.3)
Requirement already satisfied: async-lru>=1.0.0 in /home/neuronet_team159/.local/lib/python3.10/site-packages (from jupyterlab->jupyter->-r requirements.txt (line 2)) (2.0.4)
Requirement already satisfied: httpx>=0.25.0 in /home/neuronet_team159/.local/lib/python3.10/site-packages (from jupyterlab->jupyter->-r requirements.txt (line 2)) (0.28.1)
Requirement already satisfied: jupyter-lsp>=2.0.0 in /home/neuronet_team159/.local/lib/python3.10/site-packages (from jupyterlab->jupyter->-r requirements.txt (line 2)) (2.2.5)
Requirement already satisfied: jupyter-server<3,>=2.4.0 in /home/neuronet_team159/.local/lib/python3.10/site-packages (from jupyterlab->jupyter->-r requirements.txt (line 2)) (2.15.0)
Requirement already satisfied: jupyterlab-server<3,>=2.27.1 in /home/neuronet_team159/.local/lib/python3.10/site-packages (from jupyterlab->jupyter->-r requirements.txt (line 2)) (2.27.3)
Requirement already satisfied: notebook-shim>=0.2 in /home/neuronet_team159/.local/lib/python3.10/site-packages (from jupyterlab->jupyter->-r requirements.txt (line 2)) (0.2.4)
Requirement already satisfied: tomli>=1.2.2 in /opt/conda/lib/python3.10/site-packages (from jupyterlab->jupyter->-r requirements.txt (line 2)) (2.0.1)
Requirement already satisfied: beautifulsoup4 in /opt/conda/lib/python3.10/site-packages (from nbconvert->jupyter->-r requirements.txt (line 2)) (4.12.2)
Requirement already satisfied: bleach!=5.0.0 in /home/neuronet_team159/.local/lib/python3.10/site-packages (from bleach[css]!=5.0.0->nbconvert->jupyter->-r requirements.txt (line 2)) (6.2.0)
Requirement already satisfied: defusedxml in /home/neuronet_team159/.local/lib/python3.10/site-packages (from nbconvert->jupyter->-r requirements.txt (line 2)) (0.7.1)
Requirement already satisfied: jupyterlab-pygments in /home/neuronet_team159/.local/lib/python3.10/site-packages (from nbconvert->jupyter->-r requirements.txt (line 2)) (0.3.0)
Requirement already satisfied: mistune<4,>=2.0.3 in /home/neuronet_team159/.local/lib/python3.10/site-packages (from nbconvert->jupyter->-r requirements.txt (line 2)) (3.1.2)
Requirement already satisfied: nbclient>=0.5.0 in /home/neuronet_team159/.local/lib/python3.10/site-packages (from nbconvert->jupyter->-r requirements.txt (line 2)) (0.10.2)
Requirement already satisfied: nbformat>=5.7 in /home/neuronet_team159/.local/lib/python3.10/site-packages (from nbconvert->jupyter->-r requirements.txt (line 2)) (5.10.4)
Requirement already satisfied: pandocfilters>=1.4.1 in /home/neuronet_team159/.local/lib/python3.10/site-packages (from nbconvert->jupyter->-r requirements.txt (line 2)) (1.5.1)
Requirement already satisfied: mpmath>=0.19 in /opt/conda/lib/python3.10/site-packages (from sympy->torch->-r requirements.txt (line 6)) (1.3.0)
Requirement already satisfied: webencodings in /home/neuronet_team159/.local/lib/python3.10/site-packages (from bleach!=5.0.0->bleach[css]!=5.0.0->nbconvert->jupyter->-r requirements.txt (line 2)) (0.5.1)
Requirement already satisfied: tinycss2<1.5,>=1.1.0 in /home/neuronet_team159/.local/lib/python3.10/site-packages (from bleach[css]!=5.0.0->nbconvert->jupyter->-r requirements.txt (line 2)) (1.4.0)
Requirement already satisfied: smmap<6,>=3.0.1 in /home/neuronet_team159/.local/lib/python3.10/site-packages (from gitdb<5,>=4.0.1->gitpython!=3.1.29,>=1.0.0->wandb>=0.12.0->-r requirements.txt (line 10)) (5.0.2)
Requirement already satisfied: anyio in /home/neuronet_team159/.local/lib/python3.10/site-packages (from httpx>=0.25.0->jupyterlab->jupyter->-r requirements.txt (line 2)) (4.8.0)
Requirement already satisfied: httpcore==1.* in /home/neuronet_team159/.local/lib/python3.10/site-packages (from httpx>=0.25.0->jupyterlab->jupyter->-r requirements.txt (line 2)) (1.0.7)
Requirement already satisfied: h11<0.15,>=0.13 in /home/neuronet_team159/.local/lib/python3.10/site-packages (from httpcore==1.*->httpx>=0.25.0->jupyterlab->jupyter->-r requirements.txt (line 2)) (0.14.0)
Requirement already satisfied: parso<0.9.0,>=0.8.0 in /opt/conda/lib/python3.10/site-packages (from jedi>=0.16->ipython>=6.1.0->ipywidgets->-r requirements.txt (line 1)) (0.8.3)
Requirement already satisfied: argon2-cffi>=21.1 in /home/neuronet_team159/.local/lib/python3.10/site-packages (from jupyter-server<3,>=2.4.0->jupyterlab->jupyter->-r requirements.txt (line 2)) (23.1.0)
Requirement already satisfied: jupyter-events>=0.11.0 in /home/neuronet_team159/.local/lib/python3.10/site-packages (from jupyter-server<3,>=2.4.0->jupyterlab->jupyter->-r requirements.txt (line 2)) (0.12.0)
Requirement already satisfied: jupyter-server-terminals>=0.4.4 in /home/neuronet_team159/.local/lib/python3.10/site-packages (from jupyter-server<3,>=2.4.0->jupyterlab->jupyter->-r requirements.txt (line 2)) (0.5.3)
Requirement already satisfied: overrides>=5.0 in /home/neuronet_team159/.local/lib/python3.10/site-packages (from jupyter-server<3,>=2.4.0->jupyterlab->jupyter->-r requirements.txt (line 2)) (7.7.0)
Requirement already satisfied: prometheus-client>=0.9 in /home/neuronet_team159/.local/lib/python3.10/site-packages (from jupyter-server<3,>=2.4.0->jupyterlab->jupyter->-r requirements.txt (line 2)) (0.21.1)
Requirement already satisfied: send2trash>=1.8.2 in /home/neuronet_team159/.local/lib/python3.10/site-packages (from jupyter-server<3,>=2.4.0->jupyterlab->jupyter->-r requirements.txt (line 2)) (1.8.3)
Requirement already satisfied: terminado>=0.8.3 in /home/neuronet_team159/.local/lib/python3.10/site-packages (from jupyter-server<3,>=2.4.0->jupyterlab->jupyter->-r requirements.txt (line 2)) (0.18.1)
Requirement already satisfied: websocket-client>=1.7 in /home/neuronet_team159/.local/lib/python3.10/site-packages (from jupyter-server<3,>=2.4.0->jupyterlab->jupyter->-r requirements.txt (line 2)) (1.8.0)
Requirement already satisfied: babel>=2.10 in /home/neuronet_team159/.local/lib/python3.10/site-packages (from jupyterlab-server<3,>=2.27.1->jupyterlab->jupyter->-r requirements.txt (line 2)) (2.17.0)
Requirement already satisfied: json5>=0.9.0 in /home/neuronet_team159/.local/lib/python3.10/site-packages (from jupyterlab-server<3,>=2.27.1->jupyterlab->jupyter->-r requirements.txt (line 2)) (0.10.0)
Requirement already satisfied: jsonschema>=4.18.0 in /opt/conda/lib/python3.10/site-packages (from jupyterlab-server<3,>=2.27.1->jupyterlab->jupyter->-r requirements.txt (line 2)) (4.19.2)
Requirement already satisfied: fastjsonschema>=2.15 in /home/neuronet_team159/.local/lib/python3.10/site-packages (from nbformat>=5.7->nbconvert->jupyter->-r requirements.txt (line 2)) (2.21.1)
Requirement already satisfied: ptyprocess>=0.5 in /opt/conda/lib/python3.10/site-packages (from pexpect>4.3->ipython>=6.1.0->ipywidgets->-r requirements.txt (line 1)) (0.7.0)
Requirement already satisfied: wcwidth in /opt/conda/lib/python3.10/site-packages (from prompt-toolkit<3.1.0,>=3.0.41->ipython>=6.1.0->ipywidgets->-r requirements.txt (line 1)) (0.2.5)
Requirement already satisfied: soupsieve>1.2 in /opt/conda/lib/python3.10/site-packages (from beautifulsoup4->nbconvert->jupyter->-r requirements.txt (line 2)) (2.5)
Requirement already satisfied: executing in /opt/conda/lib/python3.10/site-packages (from stack-data->ipython>=6.1.0->ipywidgets->-r requirements.txt (line 1)) (0.8.3)
Requirement already satisfied: asttokens in /opt/conda/lib/python3.10/site-packages (from stack-data->ipython>=6.1.0->ipywidgets->-r requirements.txt (line 1)) (2.0.5)
Requirement already satisfied: pure-eval in /opt/conda/lib/python3.10/site-packages (from stack-data->ipython>=6.1.0->ipywidgets->-r requirements.txt (line 1)) (0.2.2)
Requirement already satisfied: sniffio>=1.1 in /home/neuronet_team159/.local/lib/python3.10/site-packages (from anyio->httpx>=0.25.0->jupyterlab->jupyter->-r requirements.txt (line 2)) (1.3.1)
Requirement already satisfied: argon2-cffi-bindings in /home/neuronet_team159/.local/lib/python3.10/site-packages (from argon2-cffi>=21.1->jupyter-server<3,>=2.4.0->jupyterlab->jupyter->-r requirements.txt (line 2)) (21.2.0)
Requirement already satisfied: jsonschema-specifications>=2023.03.6 in /opt/conda/lib/python3.10/site-packages (from jsonschema>=4.18.0->jupyterlab-server<3,>=2.27.1->jupyterlab->jupyter->-r requirements.txt (line 2)) (2023.7.1)
Requirement already satisfied: referencing>=0.28.4 in /opt/conda/lib/python3.10/site-packages (from jsonschema>=4.18.0->jupyterlab-server<3,>=2.27.1->jupyterlab->jupyter->-r requirements.txt (line 2)) (0.30.2)
Requirement already satisfied: rpds-py>=0.7.1 in /opt/conda/lib/python3.10/site-packages (from jsonschema>=4.18.0->jupyterlab-server<3,>=2.27.1->jupyterlab->jupyter->-r requirements.txt (line 2)) (0.10.6)
Requirement already satisfied: python-json-logger>=2.0.4 in /home/neuronet_team159/.local/lib/python3.10/site-packages (from jupyter-events>=0.11.0->jupyter-server<3,>=2.4.0->jupyterlab->jupyter->-r requirements.txt (line 2)) (3.2.1)
Requirement already satisfied: rfc3339-validator in /home/neuronet_team159/.local/lib/python3.10/site-packages (from jupyter-events>=0.11.0->jupyter-server<3,>=2.4.0->jupyterlab->jupyter->-r requirements.txt (line 2)) (0.1.4)
Requirement already satisfied: rfc3986-validator>=0.1.1 in /home/neuronet_team159/.local/lib/python3.10/site-packages (from jupyter-events>=0.11.0->jupyter-server<3,>=2.4.0->jupyterlab->jupyter->-r requirements.txt (line 2)) (0.1.1)
Requirement already satisfied: fqdn in /home/neuronet_team159/.local/lib/python3.10/site-packages (from jsonschema[format-nongpl]>=4.18.0->jupyter-events>=0.11.0->jupyter-server<3,>=2.4.0->jupyterlab->jupyter->-r requirements.txt (line 2)) (1.5.1)
Requirement already satisfied: isoduration in /home/neuronet_team159/.local/lib/python3.10/site-packages (from jsonschema[format-nongpl]>=4.18.0->jupyter-events>=0.11.0->jupyter-server<3,>=2.4.0->jupyterlab->jupyter->-r requirements.txt (line 2)) (20.11.0)
Requirement already satisfied: jsonpointer>1.13 in /opt/conda/lib/python3.10/site-packages (from jsonschema[format-nongpl]>=4.18.0->jupyter-events>=0.11.0->jupyter-server<3,>=2.4.0->jupyterlab->jupyter->-r requirements.txt (line 2)) (2.1)
Requirement already satisfied: uri-template in /home/neuronet_team159/.local/lib/python3.10/site-packages (from jsonschema[format-nongpl]>=4.18.0->jupyter-events>=0.11.0->jupyter-server<3,>=2.4.0->jupyterlab->jupyter->-r requirements.txt (line 2)) (1.3.0)
Requirement already satisfied: webcolors>=1.11 in /home/neuronet_team159/.local/lib/python3.10/site-packages (from jsonschema[format-nongpl]>=4.18.0->jupyter-events>=0.11.0->jupyter-server<3,>=2.4.0->jupyterlab->jupyter->-r requirements.txt (line 2)) (24.11.1)
Requirement already satisfied: cffi>=1.0.1 in /opt/conda/lib/python3.10/site-packages (from argon2-cffi-bindings->argon2-cffi>=21.1->jupyter-server<3,>=2.4.0->jupyterlab->jupyter->-r requirements.txt (line 2)) (1.16.0)
Requirement already satisfied: pycparser in /opt/conda/lib/python3.10/site-packages (from cffi>=1.0.1->argon2-cffi-bindings->argon2-cffi>=21.1->jupyter-server<3,>=2.4.0->jupyterlab->jupyter->-r requirements.txt (line 2)) (2.21)
Requirement already satisfied: arrow>=0.15.0 in /home/neuronet_team159/.local/lib/python3.10/site-packages (from isoduration->jsonschema[format-nongpl]>=4.18.0->jupyter-events>=0.11.0->jupyter-server<3,>=2.4.0->jupyterlab->jupyter->-r requirements.txt (line 2)) (1.3.0)
Requirement already satisfied: types-python-dateutil>=2.8.10 in /home/neuronet_team159/.local/lib/python3.10/site-packages (from arrow>=0.15.0->isoduration->jsonschema[format-nongpl]>=4.18.0->jupyter-events>=0.11.0->jupyter-server<3,>=2.4.0->jupyterlab->jupyter->-r requirements.txt (line 2)) (2.9.0.20241206)
