000 (25125.000.000) 2025-03-07 16:12:04 Job submitted from host: <134.96.227.101:9618?addrs=134.96.227.101-9618&alias=conduit2.hpc.uni-saarland.de&noUDP&sock=schedd_1648_f82a>
...
040 (25125.000.000) 2025-03-07 16:34:28 Started transferring input files
	Transferring to host: <134.96.59.18:9618?addrs=134.96.59.18-9618&alias=uller.hpc.uni-saarland.de&noUDP&sock=teaching1_3740_eb11_1381>
...
040 (25125.000.000) 2025-03-07 16:34:28 Finished transferring input files
...
001 (25125.000.000) 2025-03-07 16:34:28 Job executing on host: <134.96.59.18:9618?addrs=134.96.59.18-9618&alias=uller.hpc.uni-saarland.de&noUDP&sock=startd_2417_707f>
	SlotName: @uller.hpc.uni-saarland.de
	AvailableGPUs = { GPUs_GPU_0833fde1 }
	CondorScratchDir = "/raid/condor/lib/condor/execute/dir_2349901"
	Cpus = 7
	Disk = 401397238
	GPUs = 1
	GPUs_GPU_0833fde1 = [ Id = "GPU-0833fde1"; Capability = 6.0; DeviceName = "Tesla P100-PCIE-16GB"; DeviceUuid = "0833fde1-0b72-637b-6d41-f86a71289935"; ECCEnabled = true; DriverVersion = 12.4; DevicePciBusId = "0000:04:00.0"; GlobalMemoryMb = 16269; MaxSupportedVersion = 12040 ]
	Memory = 64480
...
006 (25125.000.000) 2025-03-07 16:34:36 Image size of job updated: 36
	36  -  MemoryUsage of job (MB)
	37772  -  ResidentSetSize of job (KB)
...
040 (25125.000.000) 2025-03-07 16:34:36 Started transferring output files
...
040 (25125.000.000) 2025-03-07 16:34:36 Finished transferring output files
...
021 (25125.000.000) 2025-03-07 16:34:36 Error from starter on teaching1@uller.hpc.uni-saarland.de:
	STARTER at 134.96.59.18 failed to send file(s) to <134.96.227.101:9618>: |Error: reading from file /raid/condor/lib/condor/execute/dir_2349901/checkpoints: (errno 2) No such file or directory; SHADOW failed to receive file(s) from <134.96.59.18:33423>
	Code 13 Subcode 2
...
004 (25125.000.000) 2025-03-07 16:34:36 Job was evicted.
	(0) CPU times
		Usr 0 00:00:02, Sys 0 00:00:00  -  Run Remote Usage
		Usr 0 00:00:00, Sys 0 00:00:00  -  Run Local Usage
	26985  -  Run Bytes Sent By Job
	20079  -  Run Bytes Received By Job
	Transfer output files failure at execution point teaching1@uller.hpc.uni-saarland.de while sending files to access point conduit2. Details: reading from file /raid/condor/lib/condor/execute/dir_2349901/checkpoints: (errno 2) No such file or directory
	Partitionable Resources :    Usage  Request Allocated Assigned
	   Cpus                 :        0        4         7 
	   Disk (KB)            :       68       22 401397238 
	   GPUs                 :                 1         1 "GPU-0833fde1"
	   Memory (MB)          :       36    16384     64480 
	   TimeExecute (s)      :        8                    
	   TimeSlotBusy (s)     :        8                    
...
012 (25125.000.000) 2025-03-07 16:34:36 Job was held.
	Transfer output files failure at execution point teaching1@uller.hpc.uni-saarland.de while sending files to access point conduit2. Details: reading from file /raid/condor/lib/condor/execute/dir_2349901/checkpoints: (errno 2) No such file or directory
	Code 12 Subcode 2
...
009 (25125.000.000) 2025-03-07 16:39:37 Job was aborted.
	via condor_rm (by user neuronet_team159)

	Job terminated by itself at 2025-03-07T15:34:36Z (using method 0: OF_ITS_OWN_ACCORD).
...
