000 (25062.000.000) 2025-03-06 20:13:48 Job submitted from host: <134.96.227.101:9618?addrs=134.96.227.101-9618&alias=conduit2.hpc.uni-saarland.de&noUDP&sock=schedd_1648_f82a>
...
040 (25062.000.000) 2025-03-06 20:21:36 Started transferring input files
	Transferring to host: <134.96.59.24:9618?addrs=134.96.59.24-9618&alias=tenos.hpc.uni-saarland.de&noUDP&sock=teaching1_2504_0b5f_75343>
...
040 (25062.000.000) 2025-03-06 20:21:36 Finished transferring input files
...
001 (25062.000.000) 2025-03-06 20:21:36 Job executing on host: <134.96.59.24:9618?addrs=134.96.59.24-9618&alias=tenos.hpc.uni-saarland.de&noUDP&sock=startd_2183_ef55>
	SlotName: @tenos.hpc.uni-saarland.de
	AvailableGPUs = { GPUs_GPU_46fa3b12 }
	CondorScratchDir = "/raid/condor/lib/condor/execute/dir_2313346"
	Cpus = 7
	Disk = 446757435
	GPUs = 1
	GPUs_GPU_46fa3b12 = [ Id = "GPU-46fa3b12"; Capability = 6.0; DeviceName = "Tesla P100-SXM2-16GB"; DeviceUuid = "46fa3b12-09fe-b483-a6f1-32cc9bbd5b3e"; ECCEnabled = true; DriverVersion = 12.4; DevicePciBusId = "0000:0A:00.0"; GlobalMemoryMb = 16269; MaxSupportedVersion = 12040 ]
	Memory = 96737
...
006 (25062.000.000) 2025-03-06 20:24:16 Image size of job updated: 124
	124  -  MemoryUsage of job (MB)
	127172  -  ResidentSetSize of job (KB)
...
040 (25062.000.000) 2025-03-06 20:24:16 Started transferring output files
...
040 (25062.000.000) 2025-03-06 20:24:16 Finished transferring output files
...
005 (25062.000.000) 2025-03-06 20:24:16 Job terminated.
	(1) Normal termination (return value 1)
		Usr 0 00:00:00, Sys 0 00:00:00  -  Run Remote Usage
		Usr 0 00:00:00, Sys 0 00:00:00  -  Run Local Usage
		Usr 0 00:00:00, Sys 0 00:00:00  -  Total Remote Usage
		Usr 0 00:00:00, Sys 0 00:00:00  -  Total Local Usage
	11671  -  Run Bytes Sent By Job
	20314  -  Run Bytes Received By Job
	11671  -  Total Bytes Sent By Job
	20314  -  Total Bytes Received By Job
	Partitionable Resources :    Usage  Request Allocated Assigned
	   Cpus                 :     0           4         7 
	   Disk (KB)            :    51          22 446757435 
	   GPUs                 :     0.26        1         1 "GPU-46fa3b12"
	   GpusMemory (MB)      :  5151                       
	   Memory (MB)          :   124       16384     96737 
	   TimeExecute (s)      :   160                       
	   TimeSlotBusy (s)     :   160                       

	Job terminated of its own accord at 2025-03-06T19:24:16Z with exit-code 1.
...
