000 (83242.000.000) 2025-03-10 14:37:27 Job submitted from host: <134.96.227.100:9618?addrs=134.96.227.100-9618&alias=conduit.hpc.uni-saarland.de&noUDP&sock=schedd_1639_cbd0>
...
040 (83242.000.000) 2025-03-10 16:52:06 Started transferring input files
	Transferring to host: <134.96.59.18:9618?addrs=134.96.59.18-9618&alias=uller.hpc.uni-saarland.de&noUDP&sock=teaching4_3740_eb11_1858>
...
040 (83242.000.000) 2025-03-10 16:52:13 Finished transferring input files
...
001 (83242.000.000) 2025-03-10 16:52:13 Job executing on host: <134.96.59.18:9618?addrs=134.96.59.18-9618&alias=uller.hpc.uni-saarland.de&noUDP&sock=startd_2417_707f>
	SlotName: @uller.hpc.uni-saarland.de
	AvailableGPUs = { GPUs_GPU_7ba7fd77 }
	CondorScratchDir = "/raid/condor/lib/condor/execute/dir_1307917"
	Cpus = 7
	Disk = 401397238
	GPUs = 1
	GPUs_GPU_7ba7fd77 = [ Id = "GPU-7ba7fd77"; Capability = 6.0; DeviceName = "Tesla P100-PCIE-16GB"; DeviceUuid = "7ba7fd77-a058-cefb-5031-b603f43e2420"; ECCEnabled = true; DriverVersion = 12.4; DevicePciBusId = "0000:08:00.0"; GlobalMemoryMb = 16269; MaxSupportedVersion = 12040 ]
	Memory = 64480
...
006 (83242.000.000) 2025-03-10 16:52:22 Image size of job updated: 40
	40  -  MemoryUsage of job (MB)
	41320  -  ResidentSetSize of job (KB)
...
006 (83242.000.000) 2025-03-10 16:57:23 Image size of job updated: 1575
	1575  -  MemoryUsage of job (MB)
	1613324  -  ResidentSetSize of job (KB)
...
006 (83242.000.000) 2025-03-10 17:02:24 Image size of job updated: 1684
	1684  -  MemoryUsage of job (MB)
	1725040  -  ResidentSetSize of job (KB)
...
006 (83242.000.000) 2025-03-10 17:07:25 Image size of job updated: 1686
	1686  -  MemoryUsage of job (MB)
	1726632  -  ResidentSetSize of job (KB)
...
006 (83242.000.000) 2025-03-10 17:12:26 Image size of job updated: 1687
	1687  -  MemoryUsage of job (MB)
	1727628  -  ResidentSetSize of job (KB)
...
006 (83242.000.000) 2025-03-10 17:22:27 Image size of job updated: 1687
	1687  -  MemoryUsage of job (MB)
	1728424  -  ResidentSetSize of job (KB)
...
006 (83242.000.000) 2025-03-10 17:27:28 Image size of job updated: 1688
	1688  -  MemoryUsage of job (MB)
	1729036  -  ResidentSetSize of job (KB)
...
040 (83242.000.000) 2025-03-10 17:33:18 Started transferring output files
...
040 (83242.000.000) 2025-03-10 17:33:20 Finished transferring output files
...
005 (83242.000.000) 2025-03-10 17:33:21 Job terminated.
	(1) Normal termination (return value 0)
		Usr 0 00:43:15, Sys 0 00:01:52  -  Run Remote Usage
		Usr 0 00:00:00, Sys 0 00:00:00  -  Run Local Usage
		Usr 0 00:43:15, Sys 0 00:01:52  -  Total Remote Usage
		Usr 0 00:00:00, Sys 0 00:00:00  -  Total Local Usage
	182368672  -  Run Bytes Sent By Job
	177834112  -  Run Bytes Received By Job
	182368672  -  Total Bytes Sent By Job
	177834112  -  Total Bytes Received By Job
	Partitionable Resources :     Usage  Request Allocated Assigned
	   Cpus                 :      0.00        4         7 
	   Disk (KB)            : 356425      175000 401397238 
	   GPUs                 :      0.79        1         1 "GPU-7ba7fd77"
	   GpusMemory (MB)      :   2197                       
	   Memory (MB)          :   1688       16384     64480 
	   TimeExecute (s)      :   2464                       
	   TimeSlotBusy (s)     :   2474                       

	Job terminated of its own accord at 2025-03-10T16:33:17Z with exit-code 0.
...
