000 (25067.000.000) 2025-03-06 21:06:15 Job submitted from host: <134.96.227.101:9618?addrs=134.96.227.101-9618&alias=conduit2.hpc.uni-saarland.de&noUDP&sock=schedd_1648_f82a>
...
040 (25067.000.000) 2025-03-06 21:06:19 Started transferring input files
	Transferring to host: <134.96.59.18:9618?addrs=134.96.59.18-9618&alias=uller.hpc.uni-saarland.de&noUDP&sock=teaching4_3740_eb11_1256>
...
040 (25067.000.000) 2025-03-06 21:06:19 Finished transferring input files
...
001 (25067.000.000) 2025-03-06 21:06:19 Job executing on host: <134.96.59.18:9618?addrs=134.96.59.18-9618&alias=uller.hpc.uni-saarland.de&noUDP&sock=startd_2417_707f>
	SlotName: @uller.hpc.uni-saarland.de
	AvailableGPUs = { GPUs_GPU_7ba7fd77 }
	CondorScratchDir = "/raid/condor/lib/condor/execute/dir_1260761"
	Cpus = 7
	Disk = 401397238
	GPUs = 1
	GPUs_GPU_7ba7fd77 = [ Id = "GPU-7ba7fd77"; Capability = 6.0; DeviceName = "Tesla P100-PCIE-16GB"; DeviceUuid = "7ba7fd77-a058-cefb-5031-b603f43e2420"; ECCEnabled = true; DriverVersion = 12.4; DevicePciBusId = "0000:08:00.0"; GlobalMemoryMb = 16269; MaxSupportedVersion = 12040 ]
	Memory = 64480
...
006 (25067.000.000) 2025-03-06 21:06:27 Image size of job updated: 40
	40  -  MemoryUsage of job (MB)
	41400  -  ResidentSetSize of job (KB)
...
006 (25067.000.000) 2025-03-06 21:08:50 Image size of job updated: 1358
	1358  -  MemoryUsage of job (MB)
	1391176  -  ResidentSetSize of job (KB)
...
040 (25067.000.000) 2025-03-06 21:08:50 Started transferring output files
...
040 (25067.000.000) 2025-03-06 21:08:57 Finished transferring output files
...
005 (25067.000.000) 2025-03-06 21:08:57 Job terminated.
	(1) Normal termination (return value 0)
		Usr 0 00:02:59, Sys 0 00:00:15  -  Run Remote Usage
		Usr 0 00:00:00, Sys 0 00:00:00  -  Run Local Usage
		Usr 0 00:02:59, Sys 0 00:00:15  -  Total Remote Usage
		Usr 0 00:00:00, Sys 0 00:00:00  -  Total Local Usage
	536803136  -  Run Bytes Sent By Job
	23082  -  Run Bytes Received By Job
	536803136  -  Total Bytes Sent By Job
	23082  -  Total Bytes Received By Job
	Partitionable Resources :    Usage  Request Allocated Assigned
	   Cpus                 :        0        4         7 
	   Disk (KB)            :   524441       25 401397238 
	   GPUs                 :        0        1         1 "GPU-7ba7fd77"
	   Memory (MB)          :     1358    16384     64480 
	   TimeExecute (s)      :      151                    
	   TimeSlotBusy (s)     :      159                    

	Job terminated of its own accord at 2025-03-06T20:08:50Z with exit-code 0.
...
