000 (25010.000.000) 2025-03-06 11:34:05 Job submitted from host: <134.96.227.101:9618?addrs=134.96.227.101-9618&alias=conduit2.hpc.uni-saarland.de&noUDP&sock=schedd_1648_f82a>
...
040 (25010.000.000) 2025-03-06 11:34:06 Started transferring input files
	Transferring to host: <134.96.59.18:9618?addrs=134.96.59.18-9618&alias=uller.hpc.uni-saarland.de&noUDP&sock=teaching1_3740_eb11_1118>
...
040 (25010.000.000) 2025-03-06 11:34:06 Finished transferring input files
...
001 (25010.000.000) 2025-03-06 11:34:06 Job executing on host: <134.96.59.18:9618?addrs=134.96.59.18-9618&alias=uller.hpc.uni-saarland.de&noUDP&sock=startd_2417_707f>
	SlotName: @uller.hpc.uni-saarland.de
	AvailableGPUs = { GPUs_GPU_0833fde1 }
	CondorScratchDir = "/raid/condor/lib/condor/execute/dir_904923"
	Cpus = 7
	Disk = 401397238
	GPUs = 1
	GPUs_GPU_0833fde1 = [ Id = "GPU-0833fde1"; Capability = 6.0; DeviceName = "Tesla P100-PCIE-16GB"; DeviceUuid = "0833fde1-0b72-637b-6d41-f86a71289935"; ECCEnabled = true; DriverVersion = 12.4; DevicePciBusId = "0000:04:00.0"; GlobalMemoryMb = 16269; MaxSupportedVersion = 12040 ]
	Memory = 64480
...
006 (25010.000.000) 2025-03-06 11:34:14 Image size of job updated: 36
	36  -  MemoryUsage of job (MB)
	37356  -  ResidentSetSize of job (KB)
...
006 (25010.000.000) 2025-03-06 11:37:24 Image size of job updated: 815
	815  -  MemoryUsage of job (MB)
	834776  -  ResidentSetSize of job (KB)
...
040 (25010.000.000) 2025-03-06 11:37:24 Started transferring output files
...
040 (25010.000.000) 2025-03-06 11:37:24 Finished transferring output files
...
005 (25010.000.000) 2025-03-06 11:37:24 Job terminated.
	(1) Normal termination (return value 0)
		Usr 0 00:03:41, Sys 0 00:00:07  -  Run Remote Usage
		Usr 0 00:00:00, Sys 0 00:00:00  -  Run Local Usage
		Usr 0 00:03:41, Sys 0 00:00:07  -  Total Remote Usage
		Usr 0 00:00:00, Sys 0 00:00:00  -  Total Local Usage
	306187  -  Run Bytes Sent By Job
	19850  -  Run Bytes Received By Job
	306187  -  Total Bytes Sent By Job
	19850  -  Total Bytes Received By Job
	Partitionable Resources :    Usage  Request Allocated Assigned
	   Cpus                 :     0.00        4         7 
	   Disk (KB)            :   338          22 401397238 
	   GPUs                 :     0.47        1         1 "GPU-0833fde1"
	   GpusMemory (MB)      :  1621                       
	   Memory (MB)          :   815       16384     64480 
	   TimeExecute (s)      :   198                       
	   TimeSlotBusy (s)     :   199                       

	Job terminated of its own accord at 2025-03-06T10:37:24Z with exit-code 0.
...
