000 (25065.000.000) 2025-03-06 21:02:32 Job submitted from host: <134.96.227.101:9618?addrs=134.96.227.101-9618&alias=conduit2.hpc.uni-saarland.de&noUDP&sock=schedd_1648_f82a>
...
040 (25065.000.000) 2025-03-06 21:02:33 Started transferring input files
	Transferring to host: <134.96.59.18:9618?addrs=134.96.59.18-9618&alias=uller.hpc.uni-saarland.de&noUDP&sock=teaching3_3740_eb11_1253>
...
040 (25065.000.000) 2025-03-06 21:02:33 Finished transferring input files
...
001 (25065.000.000) 2025-03-06 21:02:33 Job executing on host: <134.96.59.18:9618?addrs=134.96.59.18-9618&alias=uller.hpc.uni-saarland.de&noUDP&sock=startd_2417_707f>
	SlotName: @uller.hpc.uni-saarland.de
	AvailableGPUs = { GPUs_GPU_5d3dd972 }
	CondorScratchDir = "/raid/condor/lib/condor/execute/dir_1257659"
	Cpus = 7
	Disk = 401397238
	GPUs = 1
	GPUs_GPU_5d3dd972 = [ Id = "GPU-5d3dd972"; Capability = 6.0; DeviceName = "Tesla P100-PCIE-16GB"; DeviceUuid = "5d3dd972-423b-8021-c817-8b2b0bb88fa4"; ECCEnabled = true; DriverVersion = 12.4; DevicePciBusId = "0000:06:00.0"; GlobalMemoryMb = 16269; MaxSupportedVersion = 12040 ]
	Memory = 64480
...
006 (25065.000.000) 2025-03-06 21:02:37 Image size of job updated: 37
	37  -  MemoryUsage of job (MB)
	38160  -  ResidentSetSize of job (KB)
...
040 (25065.000.000) 2025-03-06 21:02:38 Started transferring output files
...
040 (25065.000.000) 2025-03-06 21:02:38 Finished transferring output files
...
005 (25065.000.000) 2025-03-06 21:02:38 Job terminated.
	(1) Normal termination (return value 0)
		Usr 0 00:00:02, Sys 0 00:00:00  -  Run Remote Usage
		Usr 0 00:00:00, Sys 0 00:00:00  -  Run Local Usage
		Usr 0 00:00:02, Sys 0 00:00:00  -  Total Remote Usage
		Usr 0 00:00:00, Sys 0 00:00:00  -  Total Local Usage
	36628  -  Run Bytes Sent By Job
	36154  -  Run Bytes Received By Job
	36628  -  Total Bytes Sent By Job
	36154  -  Total Bytes Received By Job
	Partitionable Resources :    Usage  Request Allocated Assigned
	   Cpus                 :        0        4         7 
	   Disk (KB)            :      105       40 401397238 
	   GPUs                 :                 1         1 "GPU-5d3dd972"
	   Memory (MB)          :       37    16384     64480 
	   TimeExecute (s)      :        4                    
	   TimeSlotBusy (s)     :        6                    

	Job terminated of its own accord at 2025-03-06T20:02:37Z with exit-code 0.
...
