000 (25066.000.000) 2025-03-06 21:06:10 Job submitted from host: <134.96.227.101:9618?addrs=134.96.227.101-9618&alias=conduit2.hpc.uni-saarland.de&noUDP&sock=schedd_1648_f82a>
...
040 (25066.000.000) 2025-03-06 21:06:13 Started transferring input files
	Transferring to host: <134.96.59.18:9618?addrs=134.96.59.18-9618&alias=uller.hpc.uni-saarland.de&noUDP&sock=teaching4_3740_eb11_1255>
...
040 (25066.000.000) 2025-03-06 21:06:13 Finished transferring input files
...
001 (25066.000.000) 2025-03-06 21:06:13 Job executing on host: <134.96.59.18:9618?addrs=134.96.59.18-9618&alias=uller.hpc.uni-saarland.de&noUDP&sock=startd_2417_707f>
	SlotName: @uller.hpc.uni-saarland.de
	AvailableGPUs = { GPUs_GPU_7ba7fd77 }
	CondorScratchDir = "/raid/condor/lib/condor/execute/dir_1260300"
	Cpus = 7
	Disk = 401397238
	GPUs = 1
	GPUs_GPU_7ba7fd77 = [ Id = "GPU-7ba7fd77"; Capability = 6.0; DeviceName = "Tesla P100-PCIE-16GB"; DeviceUuid = "7ba7fd77-a058-cefb-5031-b603f43e2420"; ECCEnabled = true; DriverVersion = 12.4; DevicePciBusId = "0000:08:00.0"; GlobalMemoryMb = 16269; MaxSupportedVersion = 12040 ]
	Memory = 64480
...
006 (25066.000.000) 2025-03-06 21:06:18 Image size of job updated: 44
	44  -  MemoryUsage of job (MB)
	45136  -  ResidentSetSize of job (KB)
...
040 (25066.000.000) 2025-03-06 21:06:18 Started transferring output files
...
040 (25066.000.000) 2025-03-06 21:06:18 Finished transferring output files
...
005 (25066.000.000) 2025-03-06 21:06:18 Job terminated.
	(1) Normal termination (return value 0)
		Usr 0 00:00:02, Sys 0 00:00:00  -  Run Remote Usage
		Usr 0 00:00:00, Sys 0 00:00:00  -  Run Local Usage
		Usr 0 00:00:02, Sys 0 00:00:00  -  Total Remote Usage
		Usr 0 00:00:00, Sys 0 00:00:00  -  Total Local Usage
	36628  -  Run Bytes Sent By Job
	36154  -  Run Bytes Received By Job
	36628  -  Total Bytes Sent By Job
	36154  -  Total Bytes Received By Job
	Partitionable Resources :    Usage  Request Allocated Assigned
	   Cpus                 :        0        4         7 
	   Disk (KB)            :      105       40 401397238 
	   GPUs                 :                 1         1 "GPU-7ba7fd77"
	   Memory (MB)          :       44    16384     64480 
	   TimeExecute (s)      :        5                    
	   TimeSlotBusy (s)     :        5                    

	Job terminated of its own accord at 2025-03-06T20:06:18Z with exit-code 0.
...
