000 (82494.000.000) 2025-03-08 13:25:58 Job submitted from host: <134.96.227.100:9618?addrs=134.96.227.100-9618&alias=conduit.hpc.uni-saarland.de&noUDP&sock=schedd_1639_cbd0>
...
040 (82494.000.000) 2025-03-08 15:47:08 Started transferring input files
	Transferring to host: <134.96.59.18:9618?addrs=134.96.59.18-9618&alias=uller.hpc.uni-saarland.de&noUDP&sock=teaching1_3740_eb11_1512>
...
001 (82494.000.000) 2025-03-08 15:47:13 Job executing on host: <134.96.59.18:9618?addrs=134.96.59.18-9618&alias=uller.hpc.uni-saarland.de&noUDP&sock=startd_2417_707f>
	SlotName: @uller.hpc.uni-saarland.de
	AvailableGPUs = { GPUs_GPU_0833fde1 }
	CondorScratchDir = "/raid/condor/lib/condor/execute/dir_3254911"
	Cpus = 7
	Disk = 401397238
	GPUs = 1
	GPUs_GPU_0833fde1 = [ Id = "GPU-0833fde1"; Capability = 6.0; DeviceName = "Tesla P100-PCIE-16GB"; DeviceUuid = "0833fde1-0b72-637b-6d41-f86a71289935"; ECCEnabled = true; DriverVersion = 12.4; DevicePciBusId = "0000:04:00.0"; GlobalMemoryMb = 16269; MaxSupportedVersion = 12040 ]
	Memory = 64480
...
040 (82494.000.000) 2025-03-08 15:47:13 Finished transferring input files
...
006 (82494.000.000) 2025-03-08 15:47:22 Image size of job updated: 34
	34  -  MemoryUsage of job (MB)
	35408  -  ResidentSetSize of job (KB)
...
006 (82494.000.000) 2025-03-08 15:47:27 Image size of job updated: 283
	283  -  MemoryUsage of job (MB)
	290568  -  ResidentSetSize of job (KB)
...
040 (82494.000.000) 2025-03-08 15:47:27 Started transferring output files
...
040 (82494.000.000) 2025-03-08 15:47:27 Finished transferring output files
...
005 (82494.000.000) 2025-03-08 15:47:27 Job terminated.
	(1) Normal termination (return value 0)
		Usr 0 00:00:07, Sys 0 00:00:00  -  Run Remote Usage
		Usr 0 00:00:00, Sys 0 00:00:00  -  Run Local Usage
		Usr 0 00:00:07, Sys 0 00:00:00  -  Total Remote Usage
		Usr 0 00:00:00, Sys 0 00:00:00  -  Total Local Usage
	41670  -  Run Bytes Sent By Job
	177830208  -  Run Bytes Received By Job
	41670  -  Total Bytes Sent By Job
	177830208  -  Total Bytes Received By Job
	Partitionable Resources :    Usage  Request Allocated Assigned
	   Cpus                 :        0        4         7 
	   Disk (KB)            :   173744   175000 401397238 
	   GPUs                 :        0        1         1 "GPU-0833fde1"
	   GpusMemory (MB)      :      117                    
	   Memory (MB)          :      283    16384     64480 
	   TimeExecute (s)      :       14                    
	   TimeSlotBusy (s)     :       19                    

	Job terminated of its own accord at 2025-03-08T14:47:27Z with exit-code 0.
...
