000 (25032.000.000) 2025-03-06 16:19:21 Job submitted from host: <134.96.227.101:9618?addrs=134.96.227.101-9618&alias=conduit2.hpc.uni-saarland.de&noUDP&sock=schedd_1648_f82a>
...
040 (25032.000.000) 2025-03-06 18:24:27 Started transferring input files
	Transferring to host: <134.96.59.18:9618?addrs=134.96.59.18-9618&alias=uller.hpc.uni-saarland.de&noUDP&sock=teaching1_3740_eb11_1190>
...
040 (25032.000.000) 2025-03-06 18:24:27 Finished transferring input files
...
001 (25032.000.000) 2025-03-06 18:24:27 Job executing on host: <134.96.59.18:9618?addrs=134.96.59.18-9618&alias=uller.hpc.uni-saarland.de&noUDP&sock=startd_2417_707f>
	SlotName: @uller.hpc.uni-saarland.de
	AvailableGPUs = { GPUs_GPU_0833fde1 }
	CondorScratchDir = "/raid/condor/lib/condor/execute/dir_1149090"
	Cpus = 7
	Disk = 401397238
	GPUs = 1
	GPUs_GPU_0833fde1 = [ Id = "GPU-0833fde1"; Capability = 6.0; DeviceName = "Tesla P100-PCIE-16GB"; DeviceUuid = "0833fde1-0b72-637b-6d41-f86a71289935"; ECCEnabled = true; DriverVersion = 12.4; DevicePciBusId = "0000:04:00.0"; GlobalMemoryMb = 16269; MaxSupportedVersion = 12040 ]
	Memory = 64480
...
006 (25032.000.000) 2025-03-06 18:24:36 Image size of job updated: 241
	241  -  MemoryUsage of job (MB)
	246868  -  ResidentSetSize of job (KB)
...
006 (25032.000.000) 2025-03-06 18:25:44 Image size of job updated: 878
	878  -  MemoryUsage of job (MB)
	899616  -  ResidentSetSize of job (KB)
...
040 (25032.000.000) 2025-03-06 18:25:44 Started transferring output files
...
040 (25032.000.000) 2025-03-06 18:25:44 Finished transferring output files
...
005 (25032.000.000) 2025-03-06 18:25:45 Job terminated.
	(1) Normal termination (return value 0)
		Usr 0 00:01:04, Sys 0 00:00:09  -  Run Remote Usage
		Usr 0 00:00:00, Sys 0 00:00:00  -  Run Local Usage
		Usr 0 00:01:04, Sys 0 00:00:09  -  Total Remote Usage
		Usr 0 00:00:00, Sys 0 00:00:00  -  Total Local Usage
	107126  -  Run Bytes Sent By Job
	38900  -  Run Bytes Received By Job
	107126  -  Total Bytes Sent By Job
	38900  -  Total Bytes Received By Job
	Partitionable Resources :    Usage  Request Allocated Assigned
	   Cpus                 :     0.00        4         7 
	   Disk (KB)            :   249          40 401397238 
	   GPUs                 :     0.43        1         1 "GPU-0833fde1"
	   GpusMemory (MB)      :  4599                       
	   Memory (MB)          :   878       16384     64480 
	   TimeExecute (s)      :    77                       
	   TimeSlotBusy (s)     :    78                       

	Job terminated of its own accord at 2025-03-06T17:25:44Z with exit-code 0.
...
